[debug] [2026-01-06T01:00:45.953Z] Checked if tokens are valid: false, expires at: 1767347031779
[debug] [2026-01-06T01:00:45.957Z] Checked if tokens are valid: false, expires at: 1767347031779
[debug] [2026-01-06T01:00:45.958Z] > refreshing access token with scopes: []
[debug] [2026-01-06T01:00:45.960Z] >>> [apiv2][query] POST https://www.googleapis.com/oauth2/v3/token [none]
[debug] [2026-01-06T01:00:45.960Z] >>> [apiv2][body] POST https://www.googleapis.com/oauth2/v3/token [omitted]
[debug] [2026-01-06T01:00:46.013Z] Checked if tokens are valid: false, expires at: 1767347031779
[debug] [2026-01-06T01:00:46.013Z] Checked if tokens are valid: false, expires at: 1767347031779
[debug] [2026-01-06T01:00:46.013Z] > refreshing access token with scopes: []
[debug] [2026-01-06T01:00:46.014Z] >>> [apiv2][query] POST https://www.googleapis.com/oauth2/v3/token [none]
[debug] [2026-01-06T01:00:46.014Z] >>> [apiv2][body] POST https://www.googleapis.com/oauth2/v3/token [omitted]
[debug] [2026-01-06T01:00:46.017Z] Checked if tokens are valid: false, expires at: 1767347031779
[debug] [2026-01-06T01:00:46.017Z] Checked if tokens are valid: false, expires at: 1767347031779
[debug] [2026-01-06T01:00:46.017Z] > refreshing access token with scopes: []
[debug] [2026-01-06T01:00:46.017Z] >>> [apiv2][query] POST https://www.googleapis.com/oauth2/v3/token [none]
[debug] [2026-01-06T01:00:46.018Z] >>> [apiv2][body] POST https://www.googleapis.com/oauth2/v3/token [omitted]
[debug] [2026-01-06T01:00:46.047Z] Checked if tokens are valid: false, expires at: 1767347031779
[debug] [2026-01-06T01:00:46.047Z] Checked if tokens are valid: false, expires at: 1767347031779
[debug] [2026-01-06T01:00:46.047Z] > refreshing access token with scopes: []
[debug] [2026-01-06T01:00:46.047Z] >>> [apiv2][query] POST https://www.googleapis.com/oauth2/v3/token [none]
[debug] [2026-01-06T01:00:46.047Z] >>> [apiv2][body] POST https://www.googleapis.com/oauth2/v3/token [omitted]
[debug] [2026-01-06T01:00:46.050Z] Checked if tokens are valid: false, expires at: 1767347031779
[debug] [2026-01-06T01:00:46.050Z] Checked if tokens are valid: false, expires at: 1767347031779
[debug] [2026-01-06T01:00:46.050Z] > refreshing access token with scopes: []
[debug] [2026-01-06T01:00:46.050Z] >>> [apiv2][query] POST https://www.googleapis.com/oauth2/v3/token [none]
[debug] [2026-01-06T01:00:46.050Z] >>> [apiv2][body] POST https://www.googleapis.com/oauth2/v3/token [omitted]
[debug] [2026-01-06T01:00:46.052Z] Checked if tokens are valid: false, expires at: 1767347031779
[debug] [2026-01-06T01:00:46.052Z] Checked if tokens are valid: false, expires at: 1767347031779
[debug] [2026-01-06T01:00:46.052Z] > refreshing access token with scopes: []
[debug] [2026-01-06T01:00:46.052Z] >>> [apiv2][query] POST https://www.googleapis.com/oauth2/v3/token [none]
[debug] [2026-01-06T01:00:46.052Z] >>> [apiv2][body] POST https://www.googleapis.com/oauth2/v3/token [omitted]
[debug] [2026-01-06T01:00:46.233Z] <<< [apiv2][status] POST https://www.googleapis.com/oauth2/v3/token 200
[debug] [2026-01-06T01:00:46.234Z] <<< [apiv2][body] POST https://www.googleapis.com/oauth2/v3/token [omitted]
[debug] [2026-01-06T01:00:46.244Z] >>> [apiv2][query] GET https://serviceusage.googleapis.com/v1/projects/oh-app-bcf24/services/firebasecrashlytics.googleapis.com [none]
[debug] [2026-01-06T01:00:46.244Z] >>> [apiv2][(partial)header] GET https://serviceusage.googleapis.com/v1/projects/oh-app-bcf24/services/firebasecrashlytics.googleapis.com x-goog-quota-user=projects/oh-app-bcf24
[debug] [2026-01-06T01:00:46.247Z] <<< [apiv2][status] POST https://www.googleapis.com/oauth2/v3/token 200
[debug] [2026-01-06T01:00:46.247Z] <<< [apiv2][body] POST https://www.googleapis.com/oauth2/v3/token [omitted]
[debug] [2026-01-06T01:00:46.255Z] >>> [apiv2][query] GET https://serviceusage.googleapis.com/v1/projects/oh-app-bcf24/services/firebaseio.com [none]
[debug] [2026-01-06T01:00:46.256Z] >>> [apiv2][(partial)header] GET https://serviceusage.googleapis.com/v1/projects/oh-app-bcf24/services/firebaseio.com x-goog-quota-user=projects/oh-app-bcf24
[debug] [2026-01-06T01:00:46.259Z] <<< [apiv2][status] POST https://www.googleapis.com/oauth2/v3/token 200
[debug] [2026-01-06T01:00:46.259Z] <<< [apiv2][body] POST https://www.googleapis.com/oauth2/v3/token [omitted]
[debug] [2026-01-06T01:00:46.267Z] >>> [apiv2][query] GET https://serviceusage.googleapis.com/v1/projects/oh-app-bcf24/services/ [none]
[debug] [2026-01-06T01:00:46.267Z] >>> [apiv2][(partial)header] GET https://serviceusage.googleapis.com/v1/projects/oh-app-bcf24/services/ x-goog-quota-user=projects/oh-app-bcf24
[debug] [2026-01-06T01:00:46.269Z] <<< [apiv2][status] POST https://www.googleapis.com/oauth2/v3/token 200
[debug] [2026-01-06T01:00:46.269Z] <<< [apiv2][body] POST https://www.googleapis.com/oauth2/v3/token [omitted]
[debug] [2026-01-06T01:00:46.278Z] >>> [apiv2][query] GET https://serviceusage.googleapis.com/v1/projects/oh-app-bcf24/services/firebasecrashlytics.googleapis.com [none]
[debug] [2026-01-06T01:00:46.278Z] >>> [apiv2][(partial)header] GET https://serviceusage.googleapis.com/v1/projects/oh-app-bcf24/services/firebasecrashlytics.googleapis.com x-goog-quota-user=projects/oh-app-bcf24
[debug] [2026-01-06T01:00:46.281Z] <<< [apiv2][status] POST https://www.googleapis.com/oauth2/v3/token 200
[debug] [2026-01-06T01:00:46.281Z] <<< [apiv2][body] POST https://www.googleapis.com/oauth2/v3/token [omitted]
[debug] [2026-01-06T01:00:46.290Z] >>> [apiv2][query] GET https://serviceusage.googleapis.com/v1/projects/oh-app-bcf24/services/firebaseio.com [none]
[debug] [2026-01-06T01:00:46.290Z] >>> [apiv2][(partial)header] GET https://serviceusage.googleapis.com/v1/projects/oh-app-bcf24/services/firebaseio.com x-goog-quota-user=projects/oh-app-bcf24
[debug] [2026-01-06T01:00:46.396Z] <<< [apiv2][status] POST https://www.googleapis.com/oauth2/v3/token 200
[debug] [2026-01-06T01:00:46.396Z] <<< [apiv2][body] POST https://www.googleapis.com/oauth2/v3/token [omitted]
[debug] [2026-01-06T01:00:46.403Z] >>> [apiv2][query] GET https://serviceusage.googleapis.com/v1/projects/oh-app-bcf24/services/ [none]
[debug] [2026-01-06T01:00:46.404Z] >>> [apiv2][(partial)header] GET https://serviceusage.googleapis.com/v1/projects/oh-app-bcf24/services/ x-goog-quota-user=projects/oh-app-bcf24
[debug] [2026-01-06T01:00:47.512Z] <<< [apiv2][status] GET https://serviceusage.googleapis.com/v1/projects/oh-app-bcf24/services/firebaseio.com 403
[debug] [2026-01-06T01:00:47.512Z] <<< [apiv2][body] GET https://serviceusage.googleapis.com/v1/projects/oh-app-bcf24/services/firebaseio.com [omitted]
[debug] [2026-01-06T01:00:47.524Z] <<< [apiv2][status] GET https://serviceusage.googleapis.com/v1/projects/oh-app-bcf24/services/firebasecrashlytics.googleapis.com 200
[debug] [2026-01-06T01:00:47.524Z] <<< [apiv2][body] GET https://serviceusage.googleapis.com/v1/projects/oh-app-bcf24/services/firebasecrashlytics.googleapis.com [omitted]
[debug] [2026-01-06T01:00:47.966Z] <<< [apiv2][status] GET https://serviceusage.googleapis.com/v1/projects/oh-app-bcf24/services/ 200
[debug] [2026-01-06T01:00:47.966Z] <<< [apiv2][body] GET https://serviceusage.googleapis.com/v1/projects/oh-app-bcf24/services/ [omitted]
[debug] [2026-01-06T01:00:48.604Z] <<< [apiv2][status] GET https://serviceusage.googleapis.com/v1/projects/oh-app-bcf24/services/firebaseio.com 403
[debug] [2026-01-06T01:00:48.605Z] <<< [apiv2][body] GET https://serviceusage.googleapis.com/v1/projects/oh-app-bcf24/services/firebaseio.com [omitted]
[debug] [2026-01-06T01:00:48.611Z] > command requires scopes: ["email","openid","https://www.googleapis.com/auth/cloudplatformprojects.readonly","https://www.googleapis.com/auth/firebase","https://www.googleapis.com/auth/cloud-platform"]
[debug] [2026-01-06T01:00:48.612Z] > authorizing via signed-in user (dean.aisyndicate.ph@gmail.com)
[debug] [2026-01-06T01:00:48.685Z] <<< [apiv2][status] GET https://serviceusage.googleapis.com/v1/projects/oh-app-bcf24/services/firebasecrashlytics.googleapis.com 200
[debug] [2026-01-06T01:00:48.685Z] <<< [apiv2][body] GET https://serviceusage.googleapis.com/v1/projects/oh-app-bcf24/services/firebasecrashlytics.googleapis.com [omitted]
[debug] [2026-01-06T01:00:49.447Z] <<< [apiv2][status] GET https://serviceusage.googleapis.com/v1/projects/oh-app-bcf24/services/ 200
[debug] [2026-01-06T01:00:49.448Z] <<< [apiv2][body] GET https://serviceusage.googleapis.com/v1/projects/oh-app-bcf24/services/ [omitted]
